	Exporter version: 4.6.1, Blender version: 2.78 (sub 0)
========= Conversion from Blender to Babylon.js =========
	Scene settings used:
		selected layers only:  true
		flat shading entire scene:  false
		inline textures:  false
		texture directory:  E:\Documents\GitHub\OverFlippedIO\static\img\
	Python World class constructor completed
	processing begun of mesh:  FullPlayer
		WARNING: No materials have been assigned: 
		num positions      :  2100
		num normals        :  2100
		num uvs            :  4200
		num uvs2           :  0
		num colors         :  8400
		num indices        :  7776
	processing begun of camera (FreeCamera):  Camera.001
	WARNING: The following camera not visible in scene thus ignored: Camera
	processing begun of light (SUN):  Sun.001
	WARNING: The following lamp not visible in scene thus ignored: Sun
========= Writing of scene file started =========
========= Writing of scene file completed =========
========= end of processing =========
elapsed time:  0 min, 0.0922 secs
